2023-08-26T17:44:08.559+09:00  INFO 11320 --- [restartedMain] d.spring_handsOn.crud.CrudApplication    : Starting CrudApplication using Java 17.0.7 with PID 11320 (C:\Users\admin\Git_Hub_Projects\spring_boot\crud\target\classes started by Manoj Walia in C:\Users\admin\Git_Hub_Projects\spring_boot\crud)
2023-08-26T17:44:08.565+09:00  INFO 11320 --- [restartedMain] d.spring_handsOn.crud.CrudApplication    : No active profile set, falling back to 1 default profile: "default"
2023-08-26T17:44:08.634+09:00  INFO 11320 --- [restartedMain] .e.DevToolsPropertyDefaultsPostProcessor : Devtools property defaults active! Set 'spring.devtools.add-properties' to 'false' to disable
2023-08-26T17:44:08.634+09:00  INFO 11320 --- [restartedMain] .e.DevToolsPropertyDefaultsPostProcessor : For additional web related logging consider setting the 'logging.level.web' property to 'DEBUG'
2023-08-26T17:44:09.324+09:00  INFO 11320 --- [restartedMain] .s.d.r.c.RepositoryConfigurationDelegate : Bootstrapping Spring Data JPA repositories in DEFAULT mode.
2023-08-26T17:44:09.388+09:00  INFO 11320 --- [restartedMain] .s.d.r.c.RepositoryConfigurationDelegate : Finished Spring Data repository scanning in 54 ms. Found 1 JPA repository interfaces.
2023-08-26T17:44:09.925+09:00 ERROR 11320 --- [restartedMain] o.a.catalina.core.AprLifecycleListener   : An incompatible version [1.2.33] of the Apache Tomcat Native library is installed, while Tomcat requires version [1.2.34]
2023-08-26T17:44:10.245+09:00  INFO 11320 --- [restartedMain] o.s.b.w.embedded.tomcat.TomcatWebServer  : Tomcat initialized with port(s): 9010 (http)
2023-08-26T17:44:10.259+09:00  INFO 11320 --- [restartedMain] o.apache.catalina.core.StandardService   : Starting service [Tomcat]
2023-08-26T17:44:10.259+09:00  INFO 11320 --- [restartedMain] o.apache.catalina.core.StandardEngine    : Starting Servlet engine: [Apache Tomcat/10.1.4]
2023-08-26T17:44:10.348+09:00  INFO 11320 --- [restartedMain] o.a.c.c.C.[Tomcat].[localhost].[/]       : Initializing Spring embedded WebApplicationContext
2023-08-26T17:44:10.350+09:00  INFO 11320 --- [restartedMain] w.s.c.ServletWebServerApplicationContext : Root WebApplicationContext: initialization completed in 1715 ms
2023-08-26T17:44:10.541+09:00  INFO 11320 --- [restartedMain] o.hibernate.jpa.internal.util.LogHelper  : HHH000204: Processing PersistenceUnitInfo [name: default]
2023-08-26T17:44:10.622+09:00  INFO 11320 --- [restartedMain] org.hibernate.Version                    : HHH000412: Hibernate ORM core version 6.1.6.Final
2023-08-26T17:44:10.828+09:00  WARN 11320 --- [restartedMain] org.hibernate.orm.deprecation            : HHH90000021: Encountered deprecated setting [javax.persistence.sharedCache.mode], use [jakarta.persistence.sharedCache.mode] instead
2023-08-26T17:44:10.990+09:00  INFO 11320 --- [restartedMain] com.zaxxer.hikari.HikariDataSource       : HikariPool-1 - Starting...
2023-08-26T17:44:10.994+09:00  WARN 11320 --- [restartedMain] c.zaxxer.hikari.util.DriverDataSource    : Registered driver with driverClassName=com.mysql.jdbc.Driver was not found, trying direct instantiation.
2023-08-26T17:44:11.396+09:00  INFO 11320 --- [restartedMain] com.zaxxer.hikari.pool.HikariPool        : HikariPool-1 - Added connection com.mysql.cj.jdbc.ConnectionImpl@32b04948
2023-08-26T17:44:11.399+09:00  INFO 11320 --- [restartedMain] com.zaxxer.hikari.HikariDataSource       : HikariPool-1 - Start completed.
2023-08-26T17:44:11.422+09:00  INFO 11320 --- [restartedMain] SQL dialect                              : HHH000400: Using dialect: org.hibernate.dialect.MySQL8Dialect
2023-08-26T17:44:11.422+09:00  WARN 11320 --- [restartedMain] org.hibernate.orm.deprecation            : HHH90000026: MySQL8Dialect has been deprecated; use org.hibernate.dialect.MySQLDialect instead
2023-08-26T17:44:12.406+09:00  INFO 11320 --- [restartedMain] o.h.e.t.j.p.i.JtaPlatformInitiator       : HHH000490: Using JtaPlatform implementation: [org.hibernate.engine.transaction.jta.platform.internal.NoJtaPlatform]
2023-08-26T17:44:12.420+09:00  INFO 11320 --- [restartedMain] j.LocalContainerEntityManagerFactoryBean : Initialized JPA EntityManagerFactory for persistence unit 'default'
2023-08-26T17:44:12.688+09:00  WARN 11320 --- [restartedMain] JpaBaseConfiguration$JpaWebConfiguration : spring.jpa.open-in-view is enabled by default. Therefore, database queries may be performed during view rendering. Explicitly configure spring.jpa.open-in-view to disable this warning
2023-08-26T17:44:12.799+09:00 DEBUG 11320 --- [restartedMain] s.w.s.m.m.a.RequestMappingHandlerAdapter : ControllerAdvice beans: 0 @ModelAttribute, 0 @InitBinder, 1 RequestBodyAdvice, 1 ResponseBodyAdvice
2023-08-26T17:44:12.904+09:00 DEBUG 11320 --- [restartedMain] s.w.s.m.m.a.RequestMappingHandlerMapping : 9 mappings in 'requestMappingHandlerMapping'
2023-08-26T17:44:12.934+09:00 DEBUG 11320 --- [restartedMain] o.s.w.s.handler.SimpleUrlHandlerMapping  : Patterns [/webjars/**, /**] in 'resourceHandlerMapping'
2023-08-26T17:44:12.946+09:00 DEBUG 11320 --- [restartedMain] .m.m.a.ExceptionHandlerExceptionResolver : ControllerAdvice beans: 1 @ExceptionHandler, 1 ResponseBodyAdvice
2023-08-26T17:44:13.050+09:00  INFO 11320 --- [restartedMain] o.s.b.d.a.OptionalLiveReloadServer       : LiveReload server is running on port 35729
2023-08-26T17:44:13.105+09:00  INFO 11320 --- [restartedMain] o.s.b.w.embedded.tomcat.TomcatWebServer  : Tomcat started on port(s): 9010 (http) with context path ''
2023-08-26T17:44:13.115+09:00  INFO 11320 --- [restartedMain] d.spring_handsOn.crud.CrudApplication    : Started CrudApplication in 5.057 seconds (process running for 5.937)
2023-08-26T17:44:26.358+09:00  INFO 11320 --- [http-nio-9010-exec-1] o.a.c.c.C.[Tomcat].[localhost].[/]       : Initializing Spring DispatcherServlet 'dispatcherServlet'
2023-08-26T17:44:26.358+09:00  INFO 11320 --- [http-nio-9010-exec-1] o.s.web.servlet.DispatcherServlet        : Initializing Servlet 'dispatcherServlet'
2023-08-26T17:44:26.358+09:00 DEBUG 11320 --- [http-nio-9010-exec-1] o.s.web.servlet.DispatcherServlet        : Detected StandardServletMultipartResolver
2023-08-26T17:44:26.358+09:00 DEBUG 11320 --- [http-nio-9010-exec-1] o.s.web.servlet.DispatcherServlet        : Detected AcceptHeaderLocaleResolver
2023-08-26T17:44:26.359+09:00 DEBUG 11320 --- [http-nio-9010-exec-1] o.s.web.servlet.DispatcherServlet        : Detected FixedThemeResolver
2023-08-26T17:44:26.360+09:00 DEBUG 11320 --- [http-nio-9010-exec-1] o.s.web.servlet.DispatcherServlet        : Detected org.springframework.web.servlet.view.DefaultRequestToViewNameTranslator@295d8e11
2023-08-26T17:44:26.360+09:00 DEBUG 11320 --- [http-nio-9010-exec-1] o.s.web.servlet.DispatcherServlet        : Detected org.springframework.web.servlet.support.SessionFlashMapManager@12651ec1
2023-08-26T17:44:26.361+09:00 DEBUG 11320 --- [http-nio-9010-exec-1] o.s.web.servlet.DispatcherServlet        : enableLoggingRequestDetails='false': request parameters and headers will be masked to prevent unsafe logging of potentially sensitive data
2023-08-26T17:44:26.361+09:00  INFO 11320 --- [http-nio-9010-exec-1] o.s.web.servlet.DispatcherServlet        : Completed initialization in 3 ms
2023-08-26T17:44:26.369+09:00 DEBUG 11320 --- [http-nio-9010-exec-1] o.s.web.servlet.DispatcherServlet        : GET "/api/products", parameters={multipart}
2023-08-26T17:44:26.418+09:00 DEBUG 11320 --- [http-nio-9010-exec-1] s.w.s.m.m.a.RequestMappingHandlerMapping : Mapped to dev.spring_handsOn.crud.view.controller.ProductController#findAll()
2023-08-26T17:44:32.612+09:00 DEBUG 11320 --- [http-nio-9010-exec-1] o.s.w.s.m.m.a.HttpEntityMethodProcessor  : Using 'application/json', given [*/*] and supported [application/json, application/*+json]
2023-08-26T17:44:32.636+09:00 DEBUG 11320 --- [http-nio-9010-exec-1] o.s.w.s.m.m.a.HttpEntityMethodProcessor  : Writing [[dev.spring_handsOn.crud.view.model.ProductResponse@27d62b1e, dev.spring_handsOn.crud.view.model.Pro (truncated)...]
2023-08-26T17:44:32.800+09:00 DEBUG 11320 --- [http-nio-9010-exec-1] o.s.web.servlet.DispatcherServlet        : Completed 200 OK
